<?xml version="1.0" encoding="UTF-8"?>
<testsuite name="ohtu.verkkokauppa.KauppaTest" tests="8" skipped="0" failures="0" errors="0" timestamp="2020-04-29T11:11:11" hostname="lx8-fuxi117" time="0.667">
  <properties/>
  <testcase name="aloittaessaAsioinninTiedotNollaantuvat" classname="ohtu.verkkokauppa.KauppaTest" time="0.646"/>
  <testcase name="ostoksenPaaytyttyaPankinMetodiaTilisiirtoKutsutaan" classname="ohtu.verkkokauppa.KauppaTest" time="0.003"/>
  <testcase name="kahdenTuotteenOstossaToinenLoppu" classname="ohtu.verkkokauppa.KauppaTest" time="0.002"/>
  <testcase name="uusiOstajaUusiViite" classname="ohtu.verkkokauppa.KauppaTest" time="0.002"/>
  <testcase name="maksussaOikeatTiedot" classname="ohtu.verkkokauppa.KauppaTest" time="0.002"/>
  <testcase name="kaksiSamaaTuotetta" classname="ohtu.verkkokauppa.KauppaTest" time="0.003"/>
  <testcase name="koristaPoistaminen" classname="ohtu.verkkokauppa.KauppaTest" time="0.005"/>
  <testcase name="kaksiErillaistaTuotettaOikeatTiedot" classname="ohtu.verkkokauppa.KauppaTest" time="0.003"/>
  <system-out><![CDATA[]]></system-out>
  <system-err><![CDATA[]]></system-err>
</testsuite>
