<?xml version="1.0" encoding="UTF-8"?>
<testsuite name="User can log in with valid username/password-combination" tests="3" skipped="1" failures="0" errors="0" timestamp="2020-03-27T11:50:49" hostname="lx8-fuxi117" time="0.033">
  <properties/>
  <testcase name="user can login with correct password" classname="User can log in with valid username/password-combination" time="0.008"/>
  <testcase name="user can not login with incorrect password" classname="User can log in with valid username/password-combination" time="0.001"/>
  <testcase name="nonexistent user can not login to" classname="User can log in with valid username/password-combination" time="0.002">
    <skipped/>
  </testcase>
  <system-out><![CDATA[Feature: User can log in with valid username/password-combination

  Scenario: user can login with correct password           ?[90m# src/test/resources/ohtu/login.feature:3?[0m
    ?[32mGiven ?[0m?[32mcommand login is selected?[0m                        ?[90m# Stepdefs.commandLoginSelected()?[0m
    ?[32mWhen ?[0m?[32musername ?[0m?[32m?[1m"pekka"?[0m?[32m and password ?[0m?[32m?[1m"akkep"?[0m?[32m are entered?[0m ?[90m# Stepdefs.usernameAndPasswordAreEntered(String,String)?[0m
    ?[32mThen ?[0m?[32msystem will respond with ?[0m?[32m?[1m"logged in"?[0m              ?[90m# Stepdefs.systemWillRespondWith(String)?[0m

  Scenario: user can not login with incorrect password         ?[90m# src/test/resources/ohtu/login.feature:8?[0m
    ?[32mGiven ?[0m?[32mcommand login is selected?[0m                            ?[90m# Stepdefs.commandLoginSelected()?[0m
    ?[32mWhen ?[0m?[32musername ?[0m?[32m?[1m"pekka"?[0m?[32m and password ?[0m?[32m?[1m"vaara"?[0m?[32m are entered?[0m     ?[90m# Stepdefs.usernameAndPasswordAreEntered(String,String)?[0m
    ?[32mThen ?[0m?[32msystem will respond with ?[0m?[32m?[1m"wrong username or password"?[0m ?[90m# Stepdefs.systemWillRespondWith(String)?[0m

  Scenario: nonexistent user can not login to                   ?[90m# src/test/resources/ohtu/login.feature:14?[0m
    ?[32mGiven ?[0m?[32mcommand login is selected?[0m                             ?[90m# Stepdefs.commandLoginSelected()?[0m
    ?[32mWhen ?[0m?[32musername ?[0m?[32m?[1m"eiole"?[0m?[32m and password ?[0m?[32m?[1m"oispa"?[0m?[32m are entered?[0m      ?[90m# Stepdefs.usernameAndPasswordAreEntered(String,String)?[0m
    ?[33mThen ?[0m?[33msystem will respond with ""wrong username or password"?[0m ?[90m# null?[0m
]]></system-out>
  <system-err><![CDATA[]]></system-err>
</testsuite>
